
Gurobi 8.0.0 (linux64, Python) logging started Mon Jun  4 14:41:10 2018

Academic license - for non-commercial use only
Optimize a model with 20 rows, 27 columns and 54 nonzeros
Variable types: 18 continuous, 9 integer (9 binary)
Coefficient statistics:
  Matrix range     [1e+00, 1e+00]
  Objective range  [5e-01, 4e+00]
  Bounds range     [1e+00, 1e+00]
  RHS range        [1e+00, 1e+00]
Presolve time: 0.00s
Presolved: 20 rows, 27 columns, 54 nonzeros
Variable types: 18 continuous, 9 integer (9 binary)

Root relaxation: objective 4.723713e+00, 15 iterations, 0.00 seconds

    Nodes    |    Current Node    |     Objective Bounds      |     Work
 Expl Unexpl |  Obj  Depth IntInf | Incumbent    BestBd   Gap | It/Node Time

*    0     0               0       4.7237129    4.72371  0.00%     -    0s

Explored 0 nodes (15 simplex iterations) in 0.02 seconds
Thread count was 8 (of 8 available processors)

Solution count 1: 4.72371 

Optimal solution found (tolerance 1.00e-04)
Best objective 4.723712908962e+00, best bound 4.723712908962e+00, gap 0.0000%
Optimize a model with 20 rows, 27 columns and 54 nonzeros
Variable types: 18 continuous, 9 integer (9 binary)
Coefficient statistics:
  Matrix range     [1e+00, 1e+00]
  Objective range  [5e-01, 4e+00]
  Bounds range     [1e+00, 1e+00]
  RHS range        [1e+00, 1e+00]
Presolve time: 0.00s
Presolved: 20 rows, 27 columns, 54 nonzeros
Variable types: 18 continuous, 9 integer (9 binary)

Root relaxation: objective 4.723713e+00, 15 iterations, 0.00 seconds

    Nodes    |    Current Node    |     Objective Bounds      |     Work
 Expl Unexpl |  Obj  Depth IntInf | Incumbent    BestBd   Gap | It/Node Time

*    0     0               0       4.7237129    4.72371  0.00%     -    0s

Explored 0 nodes (15 simplex iterations) in 0.01 seconds
Thread count was 8 (of 8 available processors)

Solution count 1: 4.72371 

Optimal solution found (tolerance 1.00e-04)
Best objective 4.723712908962e+00, best bound 4.723712908962e+00, gap 0.0000%

Gurobi 8.0.0 (linux64, Python) logging started Mon Jun  4 16:05:12 2018

Academic license - for non-commercial use only
Optimize a model with 2 rows, 3 columns and 5 nonzeros
Variable types: 0 continuous, 3 integer (3 binary)
Coefficient statistics:
  Matrix range     [1e+00, 3e+00]
  Objective range  [1e+00, 2e+00]
  Bounds range     [1e+00, 1e+00]
  RHS range        [1e+00, 4e+00]
Found heuristic solution: objective 2.0000000
Presolve removed 2 rows and 3 columns
Presolve time: 0.00s
Presolve: All rows and columns removed

Explored 0 nodes (0 simplex iterations) in 0.01 seconds
Thread count was 1 (of 8 available processors)

Solution count 2: 3 2 

Optimal solution found (tolerance 1.00e-04)
Best objective 3.000000000000e+00, best bound 3.000000000000e+00, gap 0.0000%
Optimize a model with 2 rows, 3 columns and 5 nonzeros
Variable types: 0 continuous, 3 integer (3 binary)
Coefficient statistics:
  Matrix range     [1e+00, 3e+00]
  Objective range  [1e+00, 2e+00]
  Bounds range     [1e+00, 1e+00]
  RHS range        [1e+00, 4e+00]
Found heuristic solution: objective 2.0000000
Presolve removed 2 rows and 3 columns
Presolve time: 0.00s
Presolve: All rows and columns removed

Explored 0 nodes (0 simplex iterations) in 0.01 seconds
Thread count was 1 (of 8 available processors)

Solution count 2: 3 2 

Optimal solution found (tolerance 1.00e-04)
Best objective 3.000000000000e+00, best bound 3.000000000000e+00, gap 0.0000%
Optimize a model with 2 rows, 3 columns and 5 nonzeros
Variable types: 0 continuous, 3 integer (3 binary)
Coefficient statistics:
  Matrix range     [1e+00, 3e+00]
  Objective range  [1e+00, 2e+00]
  Bounds range     [1e+00, 1e+00]
  RHS range        [1e+00, 4e+00]
Found heuristic solution: objective 2.0000000
Presolve removed 2 rows and 3 columns
Presolve time: 0.00s
Presolve: All rows and columns removed

Explored 0 nodes (0 simplex iterations) in 0.01 seconds
Thread count was 1 (of 8 available processors)

Solution count 2: 3 2 

Optimal solution found (tolerance 1.00e-04)
Best objective 3.000000000000e+00, best bound 3.000000000000e+00, gap 0.0000%

Gurobi 8.0.0 (linux64, Python) logging started Mon Jun  4 16:22:38 2018

Academic license - for non-commercial use only
Optimize a model with 20 rows, 27 columns and 54 nonzeros
Variable types: 18 continuous, 9 integer (9 binary)
Coefficient statistics:
  Matrix range     [1e+00, 1e+00]
  Objective range  [5e-01, 4e+00]
  Bounds range     [1e+00, 1e+00]
  RHS range        [1e+00, 1e+00]
Presolve time: 0.00s
Presolved: 20 rows, 27 columns, 54 nonzeros
Variable types: 18 continuous, 9 integer (9 binary)

Root relaxation: objective 4.723713e+00, 15 iterations, 0.00 seconds

    Nodes    |    Current Node    |     Objective Bounds      |     Work
 Expl Unexpl |  Obj  Depth IntInf | Incumbent    BestBd   Gap | It/Node Time

*    0     0               0       4.7237129    4.72371  0.00%     -    0s

Explored 0 nodes (15 simplex iterations) in 0.02 seconds
Thread count was 8 (of 8 available processors)

Solution count 1: 4.72371 

Optimal solution found (tolerance 1.00e-04)
Best objective 4.723712908962e+00, best bound 4.723712908962e+00, gap 0.0000%
Optimize a model with 20 rows, 27 columns and 54 nonzeros
Variable types: 18 continuous, 9 integer (9 binary)
Coefficient statistics:
  Matrix range     [1e+00, 1e+00]
  Objective range  [5e-01, 4e+00]
  Bounds range     [1e+00, 1e+00]
  RHS range        [1e+00, 1e+00]
Presolve time: 0.00s
Presolved: 20 rows, 27 columns, 54 nonzeros
Variable types: 18 continuous, 9 integer (9 binary)

Root relaxation: objective 4.723713e+00, 15 iterations, 0.00 seconds

    Nodes    |    Current Node    |     Objective Bounds      |     Work
 Expl Unexpl |  Obj  Depth IntInf | Incumbent    BestBd   Gap | It/Node Time

*    0     0               0       4.7237129    4.72371  0.00%     -    0s

Explored 0 nodes (15 simplex iterations) in 0.02 seconds
Thread count was 8 (of 8 available processors)

Solution count 1: 4.72371 

Optimal solution found (tolerance 1.00e-04)
Best objective 4.723712908962e+00, best bound 4.723712908962e+00, gap 0.0000%
Optimize a model with 40 rows, 45 columns and 108 nonzeros
Variable types: 36 continuous, 9 integer (9 binary)
Coefficient statistics:
  Matrix range     [1e+00, 1e+00]
  Objective range  [5e-01, 4e+00]
  Bounds range     [1e+00, 1e+00]
  RHS range        [1e+00, 1e+00]
Presolve time: 0.00s
Presolved: 40 rows, 45 columns, 108 nonzeros
Variable types: 36 continuous, 9 integer (9 binary)

Root relaxation: objective 8.869279e+00, 14 iterations, 0.00 seconds

    Nodes    |    Current Node    |     Objective Bounds      |     Work
 Expl Unexpl |  Obj  Depth IntInf | Incumbent    BestBd   Gap | It/Node Time

*    0     0               0       8.8692794    8.86928  0.00%     -    0s

Explored 0 nodes (14 simplex iterations) in 0.02 seconds
Thread count was 8 (of 8 available processors)

Solution count 1: 8.86928 

Optimal solution found (tolerance 1.00e-04)
Best objective 8.869279376555e+00, best bound 8.869279376555e+00, gap 0.0000%
Optimize a model with 70 rows, 72 columns and 189 nonzeros
Variable types: 63 continuous, 9 integer (9 binary)
Coefficient statistics:
  Matrix range     [1e+00, 1e+00]
  Objective range  [5e-01, 2e+01]
  Bounds range     [1e+00, 1e+00]
  RHS range        [1e+00, 1e+00]
Presolve time: 0.00s
Presolved: 70 rows, 72 columns, 189 nonzeros
Variable types: 63 continuous, 9 integer (9 binary)

Root relaxation: objective 3.177050e+01, 14 iterations, 0.00 seconds

    Nodes    |    Current Node    |     Objective Bounds      |     Work
 Expl Unexpl |  Obj  Depth IntInf | Incumbent    BestBd   Gap | It/Node Time

*    0     0               0      31.7704988   31.77050  0.00%     -    0s

Explored 0 nodes (14 simplex iterations) in 0.02 seconds
Thread count was 8 (of 8 available processors)

Solution count 1: 31.7705 

Optimal solution found (tolerance 1.00e-04)
Best objective 3.177049884341e+01, best bound 3.177049884341e+01, gap 0.0000%
Optimize a model with 50 rows, 54 columns and 135 nonzeros
Variable types: 45 continuous, 9 integer (9 binary)
Coefficient statistics:
  Matrix range     [1e+00, 1e+00]
  Objective range  [5e-01, 6e+00]
  Bounds range     [1e+00, 1e+00]
  RHS range        [1e+00, 1e+00]
Presolve time: 0.00s
Presolved: 50 rows, 54 columns, 135 nonzeros
Variable types: 45 continuous, 9 integer (9 binary)

Root relaxation: objective 1.286928e+01, 14 iterations, 0.00 seconds

    Nodes    |    Current Node    |     Objective Bounds      |     Work
 Expl Unexpl |  Obj  Depth IntInf | Incumbent    BestBd   Gap | It/Node Time

*    0     0               0      12.8692794   12.86928  0.00%     -    0s

Explored 0 nodes (14 simplex iterations) in 0.02 seconds
Thread count was 8 (of 8 available processors)

Solution count 1: 12.8693 

Optimal solution found (tolerance 1.00e-04)
Best objective 1.286927937656e+01, best bound 1.286927937656e+01, gap 0.0000%
Optimize a model with 50 rows, 54 columns and 135 nonzeros
Variable types: 45 continuous, 9 integer (9 binary)
Coefficient statistics:
  Matrix range     [1e+00, 1e+00]
  Objective range  [5e-01, 6e+00]
  Bounds range     [1e+00, 1e+00]
  RHS range        [1e+00, 1e+00]
Presolve time: 0.00s
Presolved: 50 rows, 54 columns, 135 nonzeros
Variable types: 45 continuous, 9 integer (9 binary)

Root relaxation: objective 1.286928e+01, 14 iterations, 0.00 seconds

    Nodes    |    Current Node    |     Objective Bounds      |     Work
 Expl Unexpl |  Obj  Depth IntInf | Incumbent    BestBd   Gap | It/Node Time

*    0     0               0      12.8692794   12.86928  0.00%     -    0s

Explored 0 nodes (14 simplex iterations) in 0.01 seconds
Thread count was 8 (of 8 available processors)

Solution count 1: 12.8693 

Optimal solution found (tolerance 1.00e-04)
Best objective 1.286927937656e+01, best bound 1.286927937656e+01, gap 0.0000%
Optimize a model with 50 rows, 54 columns and 135 nonzeros
Variable types: 45 continuous, 9 integer (9 binary)
Coefficient statistics:
  Matrix range     [1e+00, 1e+00]
  Objective range  [5e-01, 6e+00]
  Bounds range     [1e+00, 1e+00]
  RHS range        [1e+00, 1e+00]
Presolve time: 0.00s
Presolved: 50 rows, 54 columns, 135 nonzeros
Variable types: 45 continuous, 9 integer (9 binary)

Root relaxation: objective 1.130773e+01, 12 iterations, 0.00 seconds

    Nodes    |    Current Node    |     Objective Bounds      |     Work
 Expl Unexpl |  Obj  Depth IntInf | Incumbent    BestBd   Gap | It/Node Time

*    0     0               0      11.3077266   11.30773  0.00%     -    0s

Explored 0 nodes (12 simplex iterations) in 0.02 seconds
Thread count was 8 (of 8 available processors)

Solution count 1: 11.3077 

Optimal solution found (tolerance 1.00e-04)
Best objective 1.130772656375e+01, best bound 1.130772656375e+01, gap 0.0000%
Optimize a model with 50 rows, 54 columns and 135 nonzeros
Variable types: 45 continuous, 9 integer (9 binary)
Coefficient statistics:
  Matrix range     [1e+00, 1e+00]
  Objective range  [5e-01, 6e+00]
  Bounds range     [1e+00, 1e+00]
  RHS range        [1e+00, 1e+00]
Presolve time: 0.00s
Presolved: 50 rows, 54 columns, 135 nonzeros
Variable types: 45 continuous, 9 integer (9 binary)

Root relaxation: objective 1.130773e+01, 12 iterations, 0.00 seconds

    Nodes    |    Current Node    |     Objective Bounds      |     Work
 Expl Unexpl |  Obj  Depth IntInf | Incumbent    BestBd   Gap | It/Node Time

*    0     0               0      11.3077266   11.30773  0.00%     -    0s

Explored 0 nodes (12 simplex iterations) in 0.02 seconds
Thread count was 8 (of 8 available processors)

Solution count 1: 11.3077 

Optimal solution found (tolerance 1.00e-04)
Best objective 1.130772656375e+01, best bound 1.130772656375e+01, gap 0.0000%
Optimize a model with 50 rows, 54 columns and 135 nonzeros
Variable types: 45 continuous, 9 integer (9 binary)
Coefficient statistics:
  Matrix range     [1e+00, 1e+00]
  Objective range  [5e-01, 6e+00]
  Bounds range     [1e+00, 1e+00]
  RHS range        [1e+00, 1e+00]
Presolve removed 50 rows and 54 columns
Presolve time: 0.00s
Presolve: All rows and columns removed

Explored 0 nodes (0 simplex iterations) in 0.01 seconds
Thread count was 1 (of 8 available processors)

Solution count 1: 28.5097 

Optimal solution found (tolerance 1.00e-04)
Best objective 2.850969706241e+01, best bound 2.850969706241e+01, gap 0.0000%
Optimize a model with 50 rows, 54 columns and 135 nonzeros
Variable types: 45 continuous, 9 integer (9 binary)
Coefficient statistics:
  Matrix range     [1e+00, 1e+00]
  Objective range  [5e-01, 6e+00]
  Bounds range     [1e+00, 1e+00]
  RHS range        [1e+00, 1e+00]
Presolve time: 0.00s
Presolved: 50 rows, 54 columns, 135 nonzeros
Variable types: 45 continuous, 9 integer (9 binary)

Root relaxation: objective 1.130773e+01, 12 iterations, 0.00 seconds

    Nodes    |    Current Node    |     Objective Bounds      |     Work
 Expl Unexpl |  Obj  Depth IntInf | Incumbent    BestBd   Gap | It/Node Time

*    0     0               0      11.3077266   11.30773  0.00%     -    0s

Explored 0 nodes (12 simplex iterations) in 0.02 seconds
Thread count was 8 (of 8 available processors)

Solution count 1: 11.3077 

Optimal solution found (tolerance 1.00e-04)
Best objective 1.130772656375e+01, best bound 1.130772656375e+01, gap 0.0000%
Optimize a model with 50 rows, 54 columns and 135 nonzeros
Variable types: 45 continuous, 9 integer (9 binary)
Coefficient statistics:
  Matrix range     [1e+00, 1e+00]
  Objective range  [5e-01, 6e+00]
  Bounds range     [1e+00, 1e+00]
  RHS range        [1e+00, 1e+00]
Presolve time: 0.00s
Presolved: 50 rows, 54 columns, 135 nonzeros
Variable types: 45 continuous, 9 integer (9 binary)

Root relaxation: objective 1.130773e+01, 13 iterations, 0.00 seconds

    Nodes    |    Current Node    |     Objective Bounds      |     Work
 Expl Unexpl |  Obj  Depth IntInf | Incumbent    BestBd   Gap | It/Node Time

*    0     0               0      11.3077266   11.30773  0.00%     -    0s

Explored 0 nodes (13 simplex iterations) in 0.02 seconds
Thread count was 8 (of 8 available processors)

Solution count 1: 11.3077 

Optimal solution found (tolerance 1.00e-04)
Best objective 1.130772656375e+01, best bound 1.130772656375e+01, gap 0.0000%
Optimize a model with 50 rows, 54 columns and 135 nonzeros
Variable types: 45 continuous, 9 integer (9 binary)
Coefficient statistics:
  Matrix range     [1e+00, 1e+00]
  Objective range  [1e-01, 3e+00]
  Bounds range     [1e+00, 1e+00]
  RHS range        [1e+00, 1e+00]
Presolve time: 0.00s
Presolved: 50 rows, 54 columns, 135 nonzeros
Variable types: 45 continuous, 9 integer (9 binary)

Root relaxation: objective 5.615567e+00, 14 iterations, 0.00 seconds

    Nodes    |    Current Node    |     Objective Bounds      |     Work
 Expl Unexpl |  Obj  Depth IntInf | Incumbent    BestBd   Gap | It/Node Time

*    0     0               0       5.6155675    5.61557  0.00%     -    0s

Explored 0 nodes (14 simplex iterations) in 0.01 seconds
Thread count was 8 (of 8 available processors)

Solution count 1: 5.61557 

Optimal solution found (tolerance 1.00e-04)
Best objective 5.615567463838e+00, best bound 5.615567463838e+00, gap 0.0000%
Optimize a model with 50 rows, 54 columns and 135 nonzeros
Variable types: 45 continuous, 9 integer (9 binary)
Coefficient statistics:
  Matrix range     [1e+00, 1e+00]
  Objective range  [1e-01, 3e+00]
  Bounds range     [1e+00, 1e+00]
  RHS range        [1e+00, 1e+00]
Presolve time: 0.00s
Presolved: 50 rows, 54 columns, 135 nonzeros
Variable types: 45 continuous, 9 integer (9 binary)

Root relaxation: objective 5.815567e+00, 17 iterations, 0.00 seconds

    Nodes    |    Current Node    |     Objective Bounds      |     Work
 Expl Unexpl |  Obj  Depth IntInf | Incumbent    BestBd   Gap | It/Node Time

*    0     0               0       5.8155675    5.81557  0.00%     -    0s

Explored 0 nodes (17 simplex iterations) in 0.01 seconds
Thread count was 8 (of 8 available processors)

Solution count 1: 5.81557 

Optimal solution found (tolerance 1.00e-04)
Best objective 5.815567463838e+00, best bound 5.815567463838e+00, gap 0.0000%
Optimize a model with 70 rows, 72 columns and 189 nonzeros
Variable types: 63 continuous, 9 integer (9 binary)
Coefficient statistics:
  Matrix range     [1e+00, 1e+00]
  Objective range  [1e-01, 3e+00]
  Bounds range     [1e+00, 1e+00]
  RHS range        [1e+00, 1e+00]
Presolve time: 0.00s
Presolved: 70 rows, 72 columns, 189 nonzeros
Variable types: 63 continuous, 9 integer (9 binary)

Root relaxation: objective 6.985184e+00, 15 iterations, 0.00 seconds

    Nodes    |    Current Node    |     Objective Bounds      |     Work
 Expl Unexpl |  Obj  Depth IntInf | Incumbent    BestBd   Gap | It/Node Time

*    0     0               0       6.9851842    6.98518  0.00%     -    0s

Explored 0 nodes (15 simplex iterations) in 0.01 seconds
Thread count was 8 (of 8 available processors)

Solution count 1: 6.98518 

Optimal solution found (tolerance 1.00e-04)
Best objective 6.985184226654e+00, best bound 6.985184226654e+00, gap 0.0000%
Optimize a model with 28 rows, 24 columns and 63 nonzeros
Variable types: 21 continuous, 3 integer (3 binary)
Coefficient statistics:
  Matrix range     [1e+00, 1e+00]
  Objective range  [5e-01, 2e+00]
  Bounds range     [1e+00, 1e+00]
  RHS range        [1e+00, 1e+00]
Presolve time: 0.00s
Presolved: 28 rows, 24 columns, 63 nonzeros
Variable types: 21 continuous, 3 integer (3 binary)

Root relaxation: objective 7.533322e+00, 10 iterations, 0.00 seconds

    Nodes    |    Current Node    |     Objective Bounds      |     Work
 Expl Unexpl |  Obj  Depth IntInf | Incumbent    BestBd   Gap | It/Node Time

*    0     0               0       7.5333223    7.53332  0.00%     -    0s

Explored 0 nodes (10 simplex iterations) in 0.03 seconds
Thread count was 8 (of 8 available processors)

Solution count 1: 7.53332 

Optimal solution found (tolerance 1.00e-04)
Best objective 7.533322269094e+00, best bound 7.533322269094e+00, gap 0.0000%
Optimize a model with 70 rows, 72 columns and 189 nonzeros
Variable types: 63 continuous, 9 integer (9 binary)
Coefficient statistics:
  Matrix range     [1e+00, 1e+00]
  Objective range  [1e-01, 3e+00]
  Bounds range     [1e+00, 1e+00]
  RHS range        [1e+00, 1e+00]
Presolve time: 0.00s
Presolved: 70 rows, 72 columns, 189 nonzeros
Variable types: 63 continuous, 9 integer (9 binary)

Root relaxation: objective 6.985184e+00, 15 iterations, 0.00 seconds

    Nodes    |    Current Node    |     Objective Bounds      |     Work
 Expl Unexpl |  Obj  Depth IntInf | Incumbent    BestBd   Gap | It/Node Time

*    0     0               0       6.9851842    6.98518  0.00%     -    0s

Explored 0 nodes (15 simplex iterations) in 0.02 seconds
Thread count was 8 (of 8 available processors)

Solution count 1: 6.98518 

Optimal solution found (tolerance 1.00e-04)
Best objective 6.985184226654e+00, best bound 6.985184226654e+00, gap 0.0000%
Optimize a model with 70 rows, 72 columns and 189 nonzeros
Variable types: 63 continuous, 9 integer (9 binary)
Coefficient statistics:
  Matrix range     [1e+00, 1e+00]
  Objective range  [1e-01, 3e+00]
  Bounds range     [1e+00, 1e+00]
  RHS range        [1e+00, 1e+00]
Presolve time: 0.00s
Presolved: 70 rows, 72 columns, 189 nonzeros
Variable types: 63 continuous, 9 integer (9 binary)

Root relaxation: objective 6.390066e+00, 16 iterations, 0.00 seconds

    Nodes    |    Current Node    |     Objective Bounds      |     Work
 Expl Unexpl |  Obj  Depth IntInf | Incumbent    BestBd   Gap | It/Node Time

*    0     0               0       6.3900659    6.39007  0.00%     -    0s

Explored 0 nodes (16 simplex iterations) in 0.02 seconds
Thread count was 8 (of 8 available processors)

Solution count 1: 6.39007 

Optimal solution found (tolerance 1.00e-04)
Best objective 6.390065859147e+00, best bound 6.390065859147e+00, gap 0.0000%
Optimize a model with 70 rows, 72 columns and 189 nonzeros
Variable types: 63 continuous, 9 integer (9 binary)
Coefficient statistics:
  Matrix range     [1e+00, 1e+00]
  Objective range  [3e-01, 3e+00]
  Bounds range     [1e+00, 1e+00]
  RHS range        [1e+00, 1e+00]
Presolve time: 0.00s
Presolved: 70 rows, 72 columns, 189 nonzeros
Variable types: 63 continuous, 9 integer (9 binary)

Root relaxation: objective 6.592291e+00, 17 iterations, 0.00 seconds

    Nodes    |    Current Node    |     Objective Bounds      |     Work
 Expl Unexpl |  Obj  Depth IntInf | Incumbent    BestBd   Gap | It/Node Time

*    0     0               0       6.5922910    6.59229  0.00%     -    0s

Explored 0 nodes (17 simplex iterations) in 0.02 seconds
Thread count was 8 (of 8 available processors)

Solution count 1: 6.59229 

Optimal solution found (tolerance 1.00e-04)
Best objective 6.592291007841e+00, best bound 6.592291007841e+00, gap 0.0000%
Optimize a model with 70 rows, 72 columns and 189 nonzeros
Variable types: 63 continuous, 9 integer (9 binary)
Coefficient statistics:
  Matrix range     [1e+00, 1e+00]
  Objective range  [3e-01, 3e+00]
  Bounds range     [1e+00, 1e+00]
  RHS range        [1e+00, 1e+00]
Presolve time: 0.00s
Presolved: 70 rows, 72 columns, 189 nonzeros
Variable types: 63 continuous, 9 integer (9 binary)

Root relaxation: objective 6.232466e+00, 14 iterations, 0.00 seconds

    Nodes    |    Current Node    |     Objective Bounds      |     Work
 Expl Unexpl |  Obj  Depth IntInf | Incumbent    BestBd   Gap | It/Node Time

*    0     0               0       6.2324664    6.23247  0.00%     -    0s

Explored 0 nodes (14 simplex iterations) in 0.02 seconds
Thread count was 8 (of 8 available processors)

Solution count 1: 6.23247 

Optimal solution found (tolerance 1.00e-04)
Best objective 6.232466432940e+00, best bound 6.232466432940e+00, gap 0.0000%
Optimize a model with 70 rows, 72 columns and 189 nonzeros
Variable types: 63 continuous, 9 integer (9 binary)
Coefficient statistics:
  Matrix range     [1e+00, 1e+00]
  Objective range  [1e+00, 1e+01]
  Bounds range     [1e+00, 1e+00]
  RHS range        [1e+00, 1e+00]
Presolve time: 0.00s
Presolved: 70 rows, 72 columns, 189 nonzeros
Variable types: 63 continuous, 9 integer (9 binary)

Root relaxation: objective 2.195242e+01, 11 iterations, 0.00 seconds

    Nodes    |    Current Node    |     Objective Bounds      |     Work
 Expl Unexpl |  Obj  Depth IntInf | Incumbent    BestBd   Gap | It/Node Time

*    0     0               0      21.9524239   21.95242  0.00%     -    0s

Explored 0 nodes (11 simplex iterations) in 0.01 seconds
Thread count was 8 (of 8 available processors)

Solution count 1: 21.9524 

Optimal solution found (tolerance 1.00e-04)
Best objective 2.195242392554e+01, best bound 2.195242392554e+01, gap 0.0000%
Optimize a model with 70 rows, 72 columns and 189 nonzeros
Variable types: 63 continuous, 9 integer (9 binary)
Coefficient statistics:
  Matrix range     [1e+00, 1e+00]
  Objective range  [1e+00, 4e+02]
  Bounds range     [1e+00, 1e+00]
  RHS range        [1e+00, 1e+00]
Presolve time: 0.00s
Presolved: 70 rows, 72 columns, 189 nonzeros
Variable types: 63 continuous, 9 integer (9 binary)

Root relaxation: objective 6.322205e+02, 11 iterations, 0.00 seconds

    Nodes    |    Current Node    |     Objective Bounds      |     Work
 Expl Unexpl |  Obj  Depth IntInf | Incumbent    BestBd   Gap | It/Node Time

*    0     0               0     632.2204743  632.22047  0.00%     -    0s

Explored 0 nodes (11 simplex iterations) in 0.01 seconds
Thread count was 8 (of 8 available processors)

Solution count 1: 632.22 

Optimal solution found (tolerance 1.00e-04)
Best objective 6.322204743279e+02, best bound 6.322204743279e+02, gap 0.0000%
Optimize a model with 70 rows, 72 columns and 189 nonzeros
Variable types: 63 continuous, 9 integer (9 binary)
Coefficient statistics:
  Matrix range     [1e+00, 1e+00]
  Objective range  [3e-01, 3e+00]
  Bounds range     [1e+00, 1e+00]
  RHS range        [1e+00, 1e+00]
Presolve time: 0.00s
Presolved: 70 rows, 72 columns, 189 nonzeros
Variable types: 63 continuous, 9 integer (9 binary)

Root relaxation: objective 6.232466e+00, 14 iterations, 0.00 seconds

    Nodes    |    Current Node    |     Objective Bounds      |     Work
 Expl Unexpl |  Obj  Depth IntInf | Incumbent    BestBd   Gap | It/Node Time

*    0     0               0       6.2324664    6.23247  0.00%     -    0s

Explored 0 nodes (14 simplex iterations) in 0.01 seconds
Thread count was 8 (of 8 available processors)

Solution count 1: 6.23247 

Optimal solution found (tolerance 1.00e-04)
Best objective 6.232466432940e+00, best bound 6.232466432940e+00, gap 0.0000%

Gurobi 8.0.0 (linux64, Python) logging started Tue Jun  5 14:18:35 2018

Academic license - for non-commercial use only
Optimize a model with 70 rows, 72 columns and 189 nonzeros
Variable types: 63 continuous, 9 integer (9 binary)
Coefficient statistics:
  Matrix range     [1e+00, 1e+00]
  Objective range  [3e-01, 3e+00]
  Bounds range     [1e+00, 1e+00]
  RHS range        [1e+00, 1e+00]
Presolve time: 0.00s
Presolved: 70 rows, 72 columns, 189 nonzeros
Variable types: 63 continuous, 9 integer (9 binary)

Root relaxation: objective 6.232466e+00, 14 iterations, 0.00 seconds

    Nodes    |    Current Node    |     Objective Bounds      |     Work
 Expl Unexpl |  Obj  Depth IntInf | Incumbent    BestBd   Gap | It/Node Time

*    0     0               0       6.2324664    6.23247  0.00%     -    0s

Explored 0 nodes (14 simplex iterations) in 0.02 seconds
Thread count was 8 (of 8 available processors)

Solution count 1: 6.23247 

Optimal solution found (tolerance 1.00e-04)
Best objective 6.232466432940e+00, best bound 6.232466432940e+00, gap 0.0000%

Gurobi 8.0.0 (linux64, Python) logging started Tue Jun  5 14:30:36 2018

Academic license - for non-commercial use only
Optimize a model with 2 rows, 3 columns and 5 nonzeros
Variable types: 0 continuous, 3 integer (3 binary)
Coefficient statistics:
  Matrix range     [1e+00, 3e+00]
  Objective range  [1e+00, 2e+00]
  Bounds range     [1e+00, 1e+00]
  RHS range        [1e+00, 4e+00]
Found heuristic solution: objective 2.0000000
Presolve removed 2 rows and 3 columns
Presolve time: 0.00s
Presolve: All rows and columns removed

Explored 0 nodes (0 simplex iterations) in 0.01 seconds
Thread count was 1 (of 8 available processors)

Solution count 2: 3 2 

Optimal solution found (tolerance 1.00e-04)
Best objective 3.000000000000e+00, best bound 3.000000000000e+00, gap 0.0000%
Optimize a model with 70 rows, 72 columns and 189 nonzeros
Variable types: 63 continuous, 9 integer (9 binary)
Coefficient statistics:
  Matrix range     [1e+00, 1e+00]
  Objective range  [3e-01, 3e+00]
  Bounds range     [1e+00, 1e+00]
  RHS range        [1e+00, 1e+00]
Presolve time: 0.00s
Presolved: 70 rows, 72 columns, 189 nonzeros
Variable types: 63 continuous, 9 integer (9 binary)

Root relaxation: objective 6.232466e+00, 14 iterations, 0.00 seconds

    Nodes    |    Current Node    |     Objective Bounds      |     Work
 Expl Unexpl |  Obj  Depth IntInf | Incumbent    BestBd   Gap | It/Node Time

*    0     0               0       6.2324664    6.23247  0.00%     -    0s

Explored 0 nodes (14 simplex iterations) in 0.02 seconds
Thread count was 8 (of 8 available processors)

Solution count 1: 6.23247 

Optimal solution found (tolerance 1.00e-04)
Best objective 6.232466432940e+00, best bound 6.232466432940e+00, gap 0.0000%
Optimize a model with 70 rows, 72 columns and 189 nonzeros
Variable types: 63 continuous, 9 integer (9 binary)
Coefficient statistics:
  Matrix range     [1e+00, 1e+00]
  Objective range  [3e-01, 3e+00]
  Bounds range     [1e+00, 1e+00]
  RHS range        [1e+00, 1e+00]
Presolve time: 0.00s
Presolved: 70 rows, 72 columns, 189 nonzeros
Variable types: 63 continuous, 9 integer (9 binary)

Root relaxation: objective 6.232466e+00, 14 iterations, 0.00 seconds

    Nodes    |    Current Node    |     Objective Bounds      |     Work
 Expl Unexpl |  Obj  Depth IntInf | Incumbent    BestBd   Gap | It/Node Time

*    0     0               0       6.2324664    6.23247  0.00%     -    0s

Explored 0 nodes (14 simplex iterations) in 0.01 seconds
Thread count was 8 (of 8 available processors)

Solution count 1: 6.23247 

Optimal solution found (tolerance 1.00e-04)
Best objective 6.232466432940e+00, best bound 6.232466432940e+00, gap 0.0000%
Optimize a model with 70 rows, 72 columns and 189 nonzeros
Variable types: 63 continuous, 9 integer (9 binary)
Coefficient statistics:
  Matrix range     [1e+00, 1e+00]
  Objective range  [3e-01, 3e+00]
  Bounds range     [1e+00, 1e+00]
  RHS range        [1e+00, 1e+00]
Presolve time: 0.00s
Presolved: 70 rows, 72 columns, 189 nonzeros
Variable types: 63 continuous, 9 integer (9 binary)

Root relaxation: objective 6.232466e+00, 14 iterations, 0.00 seconds

    Nodes    |    Current Node    |     Objective Bounds      |     Work
 Expl Unexpl |  Obj  Depth IntInf | Incumbent    BestBd   Gap | It/Node Time

*    0     0               0       6.2324664    6.23247  0.00%     -    0s

Explored 0 nodes (14 simplex iterations) in 0.02 seconds
Thread count was 8 (of 8 available processors)

Solution count 1: 6.23247 

Optimal solution found (tolerance 1.00e-04)
Best objective 6.232466432940e+00, best bound 6.232466432940e+00, gap 0.0000%
Freed default Gurobi environment
Freed default Gurobi environment

Gurobi 8.0.0 (linux64, Python) logging started Fri Jun  8 17:21:05 2018

Academic license - for non-commercial use only
Optimize a model with 480942 rows, 480942 columns and 1440747 nonzeros
Variable types: 480249 continuous, 693 integer (693 binary)
Coefficient statistics:
  Matrix range     [1e+00, 1e+00]
  Objective range  [2e-01, 5e+05]
  Bounds range     [1e+00, 1e+00]
  RHS range        [1e+00, 1e+00]
Found heuristic solution: objective 2.185250e+08
Presolve removed 0 rows and 0 columns (presolve time = 6s) ...
Presolve time: 6.44s
Presolved: 480942 rows, 480942 columns, 1440747 nonzeros
Variable types: 480249 continuous, 693 integer (693 binary)

Deterministic concurrent LP optimizer: primal and dual simplex
Showing first log only...

Presolved: 480942 rows, 480942 columns, 1440747 nonzeros

Presolve removed 480942 rows and 480942 columns

Root simplex log...

Iteration    Objective       Primal Inf.    Dual Inf.      Time
       0    3.4652899e+08   0.000000e+00   3.532941e+08     10s
  308442    5.2888633e+05   0.000000e+00   1.656718e+08     11s
  315820    5.2593554e+05   0.000000e+00   2.634305e+07     15s
  324507    5.2441244e+05   0.000000e+00   3.786249e+07     20s
  334317    5.2270128e+05   0.000000e+00   3.601385e+07     25s
  345148    5.2241102e+05   0.000000e+00   1.566989e+08     30s
  355015    5.2183666e+05   0.000000e+00   7.258500e+07     35s
  363288    5.1953044e+05   0.000000e+00   1.546554e+07     40s
  373625    5.1864969e+05   0.000000e+00   1.488453e+07     45s
  383573    5.1837168e+05   0.000000e+00   1.431055e+08     50s
  392755    5.1741485e+05   0.000000e+00   9.986189e+07     55s
  402335    5.1658914e+05   0.000000e+00   2.789970e+07     60s
  410580    5.1588342e+05   0.000000e+00   1.247846e+07     65s
  419013    5.1562906e+05   0.000000e+00   4.934328e+05     70s
  426491    5.1527595e+05   0.000000e+00   2.887584e+05     75s
  433642    5.1511032e+05   0.000000e+00   7.611550e+04     80s
  439753    5.1789478e+05   0.000000e+00   0.000000e+00     85s
Concurrent spin time: 1.95s

Solved with primal simplex

Root relaxation: objective 5.178948e+05, 439753 iterations, 77.67 seconds

    Nodes    |    Current Node    |     Objective Bounds      |     Work
 Expl Unexpl |  Obj  Depth IntInf | Incumbent    BestBd   Gap | It/Node Time

*    0     0               0    517894.77562 517894.776  0.00%     -   85s

Explored 0 nodes (439753 simplex iterations) in 85.67 seconds
Thread count was 8 (of 8 available processors)

Solution count 2: 517895 2.18525e+08 

Optimal solution found (tolerance 1.00e-04)
Best objective 5.178947756218e+05, best bound 5.178947756218e+05, gap 0.0000%
Optimize a model with 480942 rows, 480942 columns and 1440747 nonzeros
Variable types: 480249 continuous, 693 integer (693 binary)
Coefficient statistics:
  Matrix range     [1e+00, 1e+00]
  Objective range  [2e-01, 1e+02]
  Bounds range     [1e+00, 1e+00]
  RHS range        [1e+00, 1e+00]
Found heuristic solution: objective 25639.171939
Presolve removed 0 rows and 0 columns (presolve time = 6s) ...
Presolve time: 6.51s
Presolved: 480942 rows, 480942 columns, 1440747 nonzeros
Variable types: 480249 continuous, 693 integer (693 binary)

Deterministic concurrent LP optimizer: primal and dual simplex
Showing first log only...

Presolve removed 0 rows and 0 columns (presolve time = 14s) ...
Presolve removed 0 rows and 0 columns (presolve time = 130s) ...
Presolve removed 0 rows and 0 columns (presolve time = 131s) ...
Presolved: 480942 rows, 480942 columns, 1440747 nonzeros

Presolve removed 480942 rows and 480942 columns

Root simplex log...

Iteration    Objective       Primal Inf.    Dual Inf.      Time
       0    3.0033167e+04   0.000000e+00   6.795111e+06    479s
Concurrent spin time: 6.70s

Solved with dual simplex

Root relaxation: objective 8.792220e+02, 1304 iterations, 453.79 seconds

    Nodes    |    Current Node    |     Objective Bounds      |     Work
 Expl Unexpl |  Obj  Depth IntInf | Incumbent    BestBd   Gap | It/Node Time

*    0     0               0     879.2219883  879.22199  0.00%     -  479s

Explored 0 nodes (1304 simplex iterations) in 479.34 seconds
Thread count was 8 (of 8 available processors)

Solution count 2: 879.222 25639.2 

Optimal solution found (tolerance 1.00e-04)
Best objective 8.792219882953e+02, best bound 8.792219882953e+02, gap 0.0000%

Gurobi 8.0.0 (linux64, Python) logging started Wed Jun 13 12:58:08 2018

Academic license - for non-commercial use only
Optimize a model with 480942 rows, 480942 columns and 1440747 nonzeros
Variable types: 480249 continuous, 693 integer (693 binary)
Coefficient statistics:
  Matrix range     [1e+00, 1e+00]
  Objective range  [2e-01, 1e+02]
  Bounds range     [1e+00, 1e+00]
  RHS range        [1e+00, 1e+00]
Found heuristic solution: objective 25639.171939
Presolve removed 0 rows and 0 columns (presolve time = 5s) ...
Presolve time: 5.28s
Presolved: 480942 rows, 480942 columns, 1440747 nonzeros
Variable types: 480249 continuous, 693 integer (693 binary)

Deterministic concurrent LP optimizer: primal and dual simplex
Showing first log only...

Presolved: 480942 rows, 480942 columns, 1440747 nonzeros

Presolve removed 480942 rows and 480942 columns

Root simplex log...

Iteration    Objective       Primal Inf.    Dual Inf.      Time
       0    3.0033167e+04   0.000000e+00   6.795111e+06      8s
Concurrent spin time: 0.22s

Solved with dual simplex

Root relaxation: objective 8.792220e+02, 1304 iterations, 2.15 seconds

    Nodes    |    Current Node    |     Objective Bounds      |     Work
 Expl Unexpl |  Obj  Depth IntInf | Incumbent    BestBd   Gap | It/Node Time

*    0     0               0     879.2219883  879.22199  0.00%     -    8s

Explored 0 nodes (1304 simplex iterations) in 8.75 seconds
Thread count was 8 (of 8 available processors)

Solution count 2: 879.222 25639.2 

Optimal solution found (tolerance 1.00e-04)
Best objective 8.792219882953e+02, best bound 8.792219882953e+02, gap 0.0000%
Optimize a model with 480942 rows, 480942 columns and 1440747 nonzeros
Variable types: 480249 continuous, 693 integer (693 binary)
Coefficient statistics:
  Matrix range     [1e+00, 1e+00]
  Objective range  [2e-01, 1e+06]
  Bounds range     [1e+00, 1e+00]
  RHS range        [1e+00, 1e+00]
Found heuristic solution: objective 4.370250e+08
Presolve removed 0 rows and 0 columns (presolve time = 6s) ...
Presolve time: 6.24s
Presolved: 480942 rows, 480942 columns, 1440747 nonzeros
Variable types: 480249 continuous, 693 integer (693 binary)

Deterministic concurrent LP optimizer: primal and dual simplex
Showing first log only...

Presolved: 480942 rows, 480942 columns, 1440747 nonzeros

Presolve removed 480942 rows and 480942 columns

Root simplex log...

Iteration    Objective       Primal Inf.    Dual Inf.      Time
       0    6.9302899e+08   0.000000e+00   6.997941e+08      9s
  308442    1.0287816e+06   0.000000e+00   3.276718e+08     11s
  315736    1.0256212e+06   0.000000e+00   1.684250e+08     15s
  325864    1.0250731e+06   0.000000e+00   9.976269e+07     20s
  334370    1.0219760e+06   0.000000e+00   6.689185e+07     25s
  345135    1.0215200e+06   0.000000e+00   2.927750e+07     30s
  354848    1.0210779e+06   0.000000e+00   9.023808e+07     35s
  363672    1.0190830e+06   0.000000e+00   2.006072e+07     40s
  373605    1.0173887e+06   0.000000e+00   4.003009e+07     45s
  382091    1.0163170e+06   0.000000e+00   1.455767e+07     50s
  392149    1.0156791e+06   0.000000e+00   2.626707e+07     55s
  401391    1.0145944e+06   0.000000e+00   6.108684e+07     60s
  409961    1.0134921e+06   0.000000e+00   3.034726e+07     65s
  418123    1.0129863e+06   0.000000e+00   6.134901e+05     70s
  426427    1.0126342e+06   0.000000e+00   4.182902e+05     75s
  434635    1.0123727e+06   0.000000e+00   1.624827e+05     80s
  441029    1.0122699e+06   0.000000e+00   4.648577e+04     85s
  442857    1.0178948e+06   0.000000e+00   0.000000e+00     88s
Concurrent spin time: 2.82s

Solved with primal simplex

Root relaxation: objective 1.017895e+06, 442857 iterations, 80.10 seconds

    Nodes    |    Current Node    |     Objective Bounds      |     Work
 Expl Unexpl |  Obj  Depth IntInf | Incumbent    BestBd   Gap | It/Node Time

*    0     0               0    1017894.7756 1017894.78  0.00%     -   87s

Explored 0 nodes (442857 simplex iterations) in 87.77 seconds
Thread count was 8 (of 8 available processors)

Solution count 2: 1.01789e+06 4.37025e+08 

Optimal solution found (tolerance 1.00e-04)
Best objective 1.017894775622e+06, best bound 1.017894775622e+06, gap 0.0000%
Optimize a model with 480942 rows, 480942 columns and 1440747 nonzeros
Variable types: 480249 continuous, 693 integer (693 binary)
Coefficient statistics:
  Matrix range     [1e+00, 1e+00]
  Objective range  [2e-01, 5e+05]
  Bounds range     [1e+00, 1e+00]
  RHS range        [1e+00, 1e+00]
Found heuristic solution: objective 2.185250e+08
Presolve removed 0 rows and 0 columns (presolve time = 6s) ...
Presolve time: 6.38s
Presolved: 480942 rows, 480942 columns, 1440747 nonzeros
Variable types: 480249 continuous, 693 integer (693 binary)

Deterministic concurrent LP optimizer: primal and dual simplex
Showing first log only...

Presolved: 480942 rows, 480942 columns, 1440747 nonzeros

Presolve removed 480942 rows and 480942 columns

Root simplex log...

Iteration    Objective       Primal Inf.    Dual Inf.      Time
       0    3.4652899e+08   0.000000e+00   3.532941e+08     10s
  308442    5.2888633e+05   0.000000e+00   1.656718e+08     11s
  315820    5.2593554e+05   0.000000e+00   2.634305e+07     15s
  324119    5.2441742e+05   0.000000e+00   3.173867e+07     20s
  333139    5.2273990e+05   0.000000e+00   1.070768e+08     25s
  343511    5.2244553e+05   0.000000e+00   3.340153e+07     30s
  353481    5.2220749e+05   0.000000e+00   1.574791e+08     35s
  361731    5.2043123e+05   0.000000e+00   2.611629e+07     40s
  371340    5.1897249e+05   0.000000e+00   4.612594e+07     45s
  381684    5.1841724e+05   0.000000e+00   4.130583e+07     50s
  390678    5.1748341e+05   0.000000e+00   4.945870e+06     55s
  400193    5.1691508e+05   0.000000e+00   5.575386e+07     60s
  408581    5.1611346e+05   0.000000e+00   1.400732e+07     65s
  416536    5.1580151e+05   0.000000e+00   5.620086e+05     70s
  424387    5.1527919e+05   0.000000e+00   3.174132e+05     75s
  431765    5.1519013e+05   0.000000e+00   1.893316e+05     80s
  438114    5.1502231e+05   0.000000e+00   7.981269e+03     85s
  439753    5.1789478e+05   0.000000e+00   0.000000e+00     87s
Concurrent spin time: 2.05s

Solved with primal simplex

Root relaxation: objective 5.178948e+05, 439753 iterations, 79.44 seconds

    Nodes    |    Current Node    |     Objective Bounds      |     Work
 Expl Unexpl |  Obj  Depth IntInf | Incumbent    BestBd   Gap | It/Node Time

*    0     0               0    517894.77562 517894.776  0.00%     -   87s

Explored 0 nodes (439753 simplex iterations) in 87.34 seconds
Thread count was 8 (of 8 available processors)

Solution count 2: 517895 2.18525e+08 

Optimal solution found (tolerance 1.00e-04)
Best objective 5.178947756218e+05, best bound 5.178947756218e+05, gap 0.0000%
Optimize a model with 480942 rows, 480942 columns and 1440747 nonzeros
Variable types: 480249 continuous, 693 integer (693 binary)
Coefficient statistics:
  Matrix range     [1e+00, 1e+00]
  Objective range  [2e-01, 5e+05]
  Bounds range     [1e+00, 1e+00]
  RHS range        [1e+00, 1e+00]
Found heuristic solution: objective 2.185250e+08
Presolve removed 0 rows and 0 columns (presolve time = 6s) ...
Presolve time: 6.18s
Presolved: 480942 rows, 480942 columns, 1440747 nonzeros
Variable types: 480249 continuous, 693 integer (693 binary)

Deterministic concurrent LP optimizer: primal and dual simplex
Showing first log only...

Presolve removed 0 rows and 0 columns (presolve time = 11s) ...
Presolved: 480942 rows, 480942 columns, 1440747 nonzeros

Presolve removed 480942 rows and 480942 columns (presolve time = 38s) ...
Presolve removed 480942 rows and 480942 columns (presolve time = 207s) ...
Presolve removed 480942 rows and 480942 columns

Root simplex log...

Iteration    Objective       Primal Inf.    Dual Inf.      Time
       0    3.4652899e+08   0.000000e+00   3.532941e+08    361s
  308442    5.2888633e+05   0.000000e+00   1.656718e+08    371s
  316363    5.2592059e+05   0.000000e+00   3.503055e+07    375s
  325352    5.2438085e+05   0.000000e+00   3.818839e+07    380s
  336079    5.2265913e+05   0.000000e+00   1.565219e+08    385s
  346871    5.2236704e+05   0.000000e+00   1.434736e+07    390s
  357248    5.2178668e+05   0.000000e+00   1.524816e+07    395s
  357754    5.2176896e+05   0.000000e+00   1.481866e+07    404s
  360520    5.2112075e+05   0.000000e+00   1.431494e+07    405s
  370231    5.1900754e+05   0.000000e+00   2.042542e+07    410s
  380653    5.1844159e+05   0.000000e+00   2.091094e+07    415s
  390043    5.1750780e+05   0.000000e+00   4.106628e+07    420s
  399590    5.1693069e+05   0.000000e+00   1.227135e+07    425s
  407956    5.1614233e+05   0.000000e+00   2.231781e+07    430s
  416536    5.1580151e+05   0.000000e+00   5.620086e+05    435s
  425119    5.1527806e+05   0.000000e+00   3.586136e+05    440s
  432384    5.1511127e+05   0.000000e+00   1.655420e+05    445s
  438858    5.1502218e+05   0.000000e+00   5.505334e+03    450s
  439753    5.1789478e+05   0.000000e+00   0.000000e+00    452s
Concurrent spin time: 316.52s

Solved with primal simplex

Root relaxation: objective 5.178948e+05, 439753 iterations, 444.79 seconds

    Nodes    |    Current Node    |     Objective Bounds      |     Work
 Expl Unexpl |  Obj  Depth IntInf | Incumbent    BestBd   Gap | It/Node Time

*    0     0               0    517894.77562 517894.776  0.00%     -  452s

Explored 0 nodes (439753 simplex iterations) in 453.00 seconds
Thread count was 8 (of 8 available processors)

Solution count 2: 517895 2.18525e+08 

Optimal solution found (tolerance 1.00e-04)
Best objective 5.178947756218e+05, best bound 5.178947756218e+05, gap 0.0000%
Optimize a model with 480942 rows, 480942 columns and 1440747 nonzeros
Variable types: 480249 continuous, 693 integer (693 binary)
Coefficient statistics:
  Matrix range     [1e+00, 1e+00]
  Objective range  [2e-01, 2e+05]
  Bounds range     [1e+00, 1e+00]
  RHS range        [1e+00, 1e+00]
Found heuristic solution: objective 1.092750e+08
Presolve removed 0 rows and 0 columns (presolve time = 6s) ...
Presolve time: 6.13s
Presolved: 480942 rows, 480942 columns, 1440747 nonzeros
Variable types: 480249 continuous, 693 integer (693 binary)

Deterministic concurrent LP optimizer: primal and dual simplex
Showing first log only...

Presolved: 480942 rows, 480942 columns, 1440747 nonzeros

Presolve removed 480942 rows and 480942 columns

Root simplex log...

Iteration    Objective       Primal Inf.    Dual Inf.      Time
       0    1.7327899e+08   0.000000e+00   1.800441e+08      9s
  308442    2.7893868e+05   0.000000e+00   8.467180e+07     10s
  316363    2.7606760e+05   0.000000e+00   9.179573e+07     15s
  325467    2.7463683e+05   0.000000e+00   2.324514e+07     20s
  334944    2.7307559e+05   0.000000e+00   2.521417e+07     25s
  345796    2.7289934e+05   0.000000e+00   1.631843e+07     30s
  355684    2.7241754e+05   0.000000e+00   1.894898e+07     35s
  365060    2.7017354e+05   0.000000e+00   2.081845e+07     40s
  375498    2.6946289e+05   0.000000e+00   5.978331e+06     45s
  385459    2.6885419e+05   0.000000e+00   1.027588e+07     50s
  395080    2.6817937e+05   0.000000e+00   1.307505e+07     55s
  403966    2.6776329e+05   0.000000e+00   8.406328e+07     60s
  411875    2.6722760e+05   0.000000e+00   4.588950e+06     65s
  419924    2.6686708e+05   0.000000e+00   4.484482e+05     70s
  428031    2.6660268e+05   0.000000e+00   2.239672e+05     75s
  434617    2.6649891e+05   0.000000e+00   9.686502e+04     80s
  439174    2.6789478e+05   0.000000e+00   0.000000e+00     84s
Concurrent spin time: 0.48s

Solved with primal simplex

Root relaxation: objective 2.678948e+05, 439174 iterations, 76.99 seconds

    Nodes    |    Current Node    |     Objective Bounds      |     Work
 Expl Unexpl |  Obj  Depth IntInf | Incumbent    BestBd   Gap | It/Node Time

*    0     0               0    267894.77562 267894.776  0.00%     -   84s

Explored 0 nodes (439174 simplex iterations) in 84.65 seconds
Thread count was 8 (of 8 available processors)

Solution count 2: 267895 1.09275e+08 

Optimal solution found (tolerance 1.00e-04)
Best objective 2.678947756218e+05, best bound 2.678947756218e+05, gap 0.0000%
Optimize a model with 480942 rows, 480942 columns and 1440747 nonzeros
Variable types: 480249 continuous, 693 integer (693 binary)
Coefficient statistics:
  Matrix range     [1e+00, 1e+00]
  Objective range  [2e-01, 8e+05]
  Bounds range     [1e+00, 1e+00]
  RHS range        [1e+00, 1e+00]
Found heuristic solution: objective 3.277750e+08
Presolve removed 0 rows and 0 columns (presolve time = 6s) ...
Presolve time: 6.28s
Presolved: 480942 rows, 480942 columns, 1440747 nonzeros
Variable types: 480249 continuous, 693 integer (693 binary)

Deterministic concurrent LP optimizer: primal and dual simplex
Showing first log only...

Presolved: 480942 rows, 480942 columns, 1440747 nonzeros

Presolve removed 480942 rows and 480942 columns (presolve time = 11s) ...
Presolve removed 480942 rows and 480942 columns (presolve time = 74s) ...
Presolve removed 480942 rows and 480942 columns (presolve time = 150s) ...
Presolve removed 480942 rows and 480942 columns

Root simplex log...

Iteration    Objective       Primal Inf.    Dual Inf.      Time
       0    5.1977899e+08   0.000000e+00   5.265441e+08    491s
  308442    7.7883397e+05   0.000000e+00   2.466718e+08    506s
  314659    7.7582012e+05   0.000000e+00   3.032775e+07    510s
  322651    7.7549007e+05   0.000000e+00   5.413011e+07    515s
  331110    7.7245515e+05   0.000000e+00   7.322244e+07    520s
  341749    7.7213113e+05   0.000000e+00   4.697377e+07    525s
  349242    7.7184307e+05   0.000000e+00   2.730639e+07    530s
  354848    7.7165546e+05   0.000000e+00   6.848808e+07    535s
  359215    7.7116979e+05   0.000000e+00   6.897967e+07    540s
  368039    7.6839700e+05   0.000000e+00   9.513369e+07    545s
  379342    7.6762875e+05   0.000000e+00   1.324865e+07    550s
  389285    7.6682604e+05   0.000000e+00   2.040918e+07    555s
  399641    7.6587035e+05   0.000000e+00   2.712186e+07    560s
  407389    7.6522102e+05   0.000000e+00   8.482789e+07    565s
  416076    7.6440053e+05   0.000000e+00   7.588422e+05    570s
  424361    7.6404736e+05   0.000000e+00   4.703924e+05    575s
  432054    7.6378471e+05   0.000000e+00   4.880453e+05    580s
  439555    7.6368027e+05   0.000000e+00   5.708113e+04    585s
  440325    7.6367967e+05   0.000000e+00   4.080658e+04    592s
  442857    7.6789478e+05   0.000000e+00   0.000000e+00    597s
Concurrent spin time: 318.23s

Solved with primal simplex

Root relaxation: objective 7.678948e+05, 442857 iterations, 589.27 seconds

    Nodes    |    Current Node    |     Objective Bounds      |     Work
 Expl Unexpl |  Obj  Depth IntInf | Incumbent    BestBd   Gap | It/Node Time

*    0     0               0    767894.77562 767894.776  0.00%     -  597s

Explored 0 nodes (442857 simplex iterations) in 597.15 seconds
Thread count was 8 (of 8 available processors)

Solution count 2: 767895 3.27775e+08 

Optimal solution found (tolerance 1.00e-04)
Best objective 7.678947756218e+05, best bound 7.678947756218e+05, gap 0.0000%

Gurobi 8.0.0 (linux64, Python) logging started Wed Jun 13 16:57:47 2018

Academic license - for non-commercial use only
Optimize a model with 480942 rows, 480942 columns and 1440747 nonzeros
Variable types: 480249 continuous, 693 integer (693 binary)
Coefficient statistics:
  Matrix range     [1e+00, 1e+00]
  Objective range  [2e-01, 2e+06]
  Bounds range     [1e+00, 1e+00]
  RHS range        [1e+00, 1e+00]
Found heuristic solution: objective 1.092525e+09
Presolve removed 0 rows and 0 columns (presolve time = 5s) ...
Presolve time: 5.11s
Presolved: 480942 rows, 480942 columns, 1440747 nonzeros
Variable types: 480249 continuous, 693 integer (693 binary)

Deterministic concurrent LP optimizer: primal and dual simplex
Showing first log only...

Presolved: 480942 rows, 480942 columns, 1440747 nonzeros

Presolve removed 480942 rows and 480942 columns

Root simplex log...

Iteration    Objective       Primal Inf.    Dual Inf.      Time
       0    1.7325290e+09   0.000000e+00   1.739294e+09      8s
  310675    2.5272691e+06   0.000000e+00   1.299690e+08     10s
  320428    2.5242374e+06   0.000000e+00   8.589747e+08     15s
  328959    2.5213640e+06   0.000000e+00   2.092678e+08     20s
  340410    2.5189597e+06   0.000000e+00   9.641603e+07     25s
  351436    2.5173747e+06   0.000000e+00   1.570247e+08     30s
  360508    2.5156773e+06   0.000000e+00   5.662206e+08     35s
  370785    2.5126648e+06   0.000000e+00   7.259328e+07     40s
  380794    2.5111415e+06   0.000000e+00   1.238977e+08     45s
  389984    2.5095705e+06   0.000000e+00   8.608806e+07     50s
  400277    2.5077080e+06   0.000000e+00   5.082858e+07     55s
  408507    2.5057088e+06   0.000000e+00   5.028003e+08     60s
  417923    2.5045311e+06   0.000000e+00   6.583276e+05     65s
  426339    2.5040502e+06   0.000000e+00   3.087863e+05     70s
  434728    2.5038399e+06   0.000000e+00   2.463822e+05     75s
  441193    2.5037516e+06   0.000000e+00   1.341139e+02     80s
  441410    2.5178948e+06   0.000000e+00   0.000000e+00     81s
Concurrent spin time: 1.99s

Solved with primal simplex

Root relaxation: objective 2.517895e+06, 441410 iterations, 74.55 seconds

    Nodes    |    Current Node    |     Objective Bounds      |     Work
 Expl Unexpl |  Obj  Depth IntInf | Incumbent    BestBd   Gap | It/Node Time

*    0     0               0    2517894.7756 2517894.78  0.00%     -   80s

Explored 0 nodes (441410 simplex iterations) in 81.02 seconds
Thread count was 8 (of 8 available processors)

Solution count 2: 2.51789e+06 1.09252e+09 

Optimal solution found (tolerance 1.00e-04)
Best objective 2.517894775622e+06, best bound 2.517894775622e+06, gap 0.0000%
Optimize a model with 480942 rows, 480942 columns and 1440747 nonzeros
Variable types: 480249 continuous, 693 integer (693 binary)
Coefficient statistics:
  Matrix range     [1e+00, 1e+00]
  Objective range  [2e-01, 2e+06]
  Bounds range     [1e+00, 1e+00]
  RHS range        [1e+00, 1e+00]
Found heuristic solution: objective 6.555250e+08
Presolve removed 0 rows and 0 columns (presolve time = 5s) ...
Presolve time: 5.53s
Presolved: 480942 rows, 480942 columns, 1440747 nonzeros
Variable types: 480249 continuous, 693 integer (693 binary)

Deterministic concurrent LP optimizer: primal and dual simplex
Showing first log only...

Presolved: 480942 rows, 480942 columns, 1440747 nonzeros

Presolve removed 480942 rows and 480942 columns

Root simplex log...

Iteration    Objective       Primal Inf.    Dual Inf.      Time
       0    1.0395290e+09   0.000000e+00   1.046294e+09      8s
  309836    1.5275990e+06   0.000000e+00   1.166123e+08     10s
  319354    1.5251925e+06   0.000000e+00   1.516215e+08     15s
  328102    1.5229016e+06   0.000000e+00   4.146671e+08     20s
  338866    1.5209834e+06   0.000000e+00   1.653120e+08     25s
  349767    1.5200878e+06   0.000000e+00   5.104525e+07     30s
  358890    1.5190878e+06   0.000000e+00   4.362422e+08     35s
  369179    1.5163120e+06   0.000000e+00   5.753534e+07     40s
  379631    1.5148908e+06   0.000000e+00   8.395654e+07     45s
  389533    1.5136789e+06   0.000000e+00   1.221103e+08     50s
  398231    1.5125194e+06   0.000000e+00   4.910872e+08     55s
  407922    1.5109948e+06   0.000000e+00   3.213183e+07     60s
  417354    1.5101628e+06   0.000000e+00   6.507099e+05     65s
  425222    1.5096407e+06   0.000000e+00   3.577700e+05     70s
  433074    1.5094736e+06   0.000000e+00   1.505574e+05     75s
  439497    1.5093844e+06   0.000000e+00   8.810954e+02     80s
  440128    1.5178948e+06   0.000000e+00   0.000000e+00     81s
Concurrent spin time: 0.84s

Solved with primal simplex

Root relaxation: objective 1.517895e+06, 440128 iterations, 74.45 seconds

    Nodes    |    Current Node    |     Objective Bounds      |     Work
 Expl Unexpl |  Obj  Depth IntInf | Incumbent    BestBd   Gap | It/Node Time

*    0     0               0    1517894.7756 1517894.78  0.00%     -   81s

Explored 0 nodes (440128 simplex iterations) in 81.30 seconds
Thread count was 8 (of 8 available processors)

Solution count 2: 1.51789e+06 6.55525e+08 

Optimal solution found (tolerance 1.00e-04)
Best objective 1.517894775622e+06, best bound 1.517894775622e+06, gap 0.0000%

Gurobi 8.0.0 (linux64, Python) logging started Wed Jun 13 17:03:05 2018

Academic license - for non-commercial use only
Optimize a model with 480942 rows, 480942 columns and 1440747 nonzeros
Variable types: 480249 continuous, 693 integer (693 binary)
Coefficient statistics:
  Matrix range     [1e+00, 1e+00]
  Objective range  [2e-01, 5e+06]
  Bounds range     [1e+00, 1e+00]
  RHS range        [1e+00, 1e+00]
Found heuristic solution: objective 2.185025e+09
Presolve removed 0 rows and 0 columns (presolve time = 5s) ...
Presolve time: 5.82s
Presolved: 480942 rows, 480942 columns, 1440747 nonzeros
Variable types: 480249 continuous, 693 integer (693 binary)

Deterministic concurrent LP optimizer: primal and dual simplex
Showing first log only...

Presolved: 480942 rows, 480942 columns, 1440747 nonzeros

Presolve removed 480942 rows and 480942 columns

Root simplex log...

Iteration    Objective       Primal Inf.    Dual Inf.      Time
       0    3.4650290e+09   0.000000e+00   3.471794e+09      9s
  308985    5.0278111e+06   0.000000e+00   1.282211e+09     10s
  317214    5.0233748e+06   0.000000e+00   3.320238e+08     15s
  325618    5.0201835e+06   0.000000e+00   1.625315e+08     20s
  335336    5.0165199e+06   0.000000e+00   2.144457e+08     25s
  346178    5.0137978e+06   0.000000e+00   4.738370e+08     30s
  356077    5.0111732e+06   0.000000e+00   3.823130e+08     35s
  365128    5.0070962e+06   0.000000e+00   2.669958e+08     40s
  375024    5.0047269e+06   0.000000e+00   1.116584e+08     45s
  385388    5.0013513e+06   0.000000e+00   4.406028e+08     50s
  395239    4.9983553e+06   0.000000e+00   1.208216e+08     55s
  403527    4.9953589e+06   0.000000e+00   2.553529e+08     60s
  411377    4.9914971e+06   0.000000e+00   2.151037e+08     65s
  420989    4.9902560e+06   0.000000e+00   5.635558e+05     70s
  428541    4.9899033e+06   0.000000e+00   2.690768e+05     75s
  435129    4.9897196e+06   0.000000e+00   1.023579e+05     80s
  439628    5.0178948e+06   0.000000e+00   0.000000e+00     85s
Concurrent spin time: 0.00s

Solved with primal simplex

Root relaxation: objective 5.017895e+06, 439628 iterations, 78.09 seconds

    Nodes    |    Current Node    |     Objective Bounds      |     Work
 Expl Unexpl |  Obj  Depth IntInf | Incumbent    BestBd   Gap | It/Node Time

*    0     0               0    5017894.7756 5017894.78  0.00%     -   85s

Explored 0 nodes (439628 simplex iterations) in 85.29 seconds
Thread count was 8 (of 8 available processors)

Solution count 2: 5.01789e+06 2.18502e+09 

Optimal solution found (tolerance 1.00e-04)
Best objective 5.017894775622e+06, best bound 5.017894775622e+06, gap 0.0000%
Freed default Gurobi environment
Freed default Gurobi environment

Gurobi 8.0.0 (linux64, Python) logging started Wed Jun 13 17:18:53 2018

Academic license - for non-commercial use only
Freed default Gurobi environment

Gurobi 8.0.0 (linux64, Python) logging started Wed Jun 13 18:18:52 2018

Academic license - for non-commercial use only
Optimize a model with 50 rows, 18 columns and 130 nonzeros
Variable types: 15 continuous, 3 integer (3 binary)
Coefficient statistics:
  Matrix range     [1e+00, 5e+02]
  Objective range  [3e+00, 1e+03]
  Bounds range     [1e+00, 1e+00]
  RHS range        [8e+01, 3e+02]
Presolve removed 44 rows and 12 columns
Presolve time: 0.00s
Presolved: 6 rows, 6 columns, 12 nonzeros
Variable types: 0 continuous, 6 integer (2 binary)
Found heuristic solution: objective 5747.0000000

Root relaxation: objective 5.510000e+03, 2 iterations, 0.00 seconds

    Nodes    |    Current Node    |     Objective Bounds      |     Work
 Expl Unexpl |  Obj  Depth IntInf | Incumbent    BestBd   Gap | It/Node Time

*    0     0               0    5510.0000000 5510.00000  0.00%     -    0s

Explored 0 nodes (2 simplex iterations) in 0.02 seconds
Thread count was 8 (of 8 available processors)

Solution count 2: 5510 5747 

Optimal solution found (tolerance 1.00e-04)
Best objective 5.510000000000e+03, best bound 5.510000000000e+03, gap 0.0000%
Optimize a model with 25 rows, 18 columns and 65 nonzeros
Variable types: 15 continuous, 3 integer (3 binary)
Coefficient statistics:
  Matrix range     [1e+00, 5e+02]
  Objective range  [3e+00, 1e+03]
  Bounds range     [1e+00, 1e+00]
  RHS range        [8e+01, 3e+02]
Presolve removed 19 rows and 12 columns
Presolve time: 0.00s
Presolved: 6 rows, 6 columns, 12 nonzeros
Variable types: 0 continuous, 6 integer (2 binary)
Found heuristic solution: objective 5747.0000000

Root relaxation: objective 5.510000e+03, 3 iterations, 0.00 seconds

    Nodes    |    Current Node    |     Objective Bounds      |     Work
 Expl Unexpl |  Obj  Depth IntInf | Incumbent    BestBd   Gap | It/Node Time

*    0     0               0    5510.0000000 5510.00000  0.00%     -    0s

Explored 0 nodes (3 simplex iterations) in 0.02 seconds
Thread count was 8 (of 8 available processors)

Solution count 2: 5510 5747 

Optimal solution found (tolerance 1.00e-04)
Best objective 5.510000000000e+03, best bound 5.510000000000e+03, gap 0.0000%

Gurobi 8.0.0 (linux64, Python) logging started Wed Jun 13 18:38:31 2018

Academic license - for non-commercial use only
Optimize a model with 25 rows, 18 columns and 65 nonzeros
Variable types: 15 continuous, 3 integer (3 binary)
Coefficient statistics:
  Matrix range     [1e+00, 5e+02]
  Objective range  [3e+00, 1e+03]
  Bounds range     [1e+00, 1e+00]
  RHS range        [8e+01, 3e+02]
Presolve removed 19 rows and 12 columns
Presolve time: 0.00s
Presolved: 6 rows, 6 columns, 12 nonzeros
Variable types: 0 continuous, 6 integer (2 binary)
Found heuristic solution: objective 5747.0000000

Root relaxation: objective 5.510000e+03, 3 iterations, 0.00 seconds

    Nodes    |    Current Node    |     Objective Bounds      |     Work
 Expl Unexpl |  Obj  Depth IntInf | Incumbent    BestBd   Gap | It/Node Time

*    0     0               0    5510.0000000 5510.00000  0.00%     -    0s

Explored 0 nodes (3 simplex iterations) in 0.03 seconds
Thread count was 8 (of 8 available processors)

Solution count 2: 5510 5747 

Optimal solution found (tolerance 1.00e-04)
Best objective 5.510000000000e+03, best bound 5.510000000000e+03, gap 0.0000%

Gurobi 8.0.0 (linux64, Python) logging started Wed Jun 13 18:38:42 2018

Academic license - for non-commercial use only
Optimize a model with 25 rows, 18 columns and 65 nonzeros
Variable types: 15 continuous, 3 integer (3 binary)
Coefficient statistics:
  Matrix range     [1e+00, 5e+02]
  Objective range  [3e+00, 1e+03]
  Bounds range     [1e+00, 1e+00]
  RHS range        [8e+01, 3e+02]
Presolve removed 19 rows and 12 columns
Presolve time: 0.00s
Presolved: 6 rows, 6 columns, 12 nonzeros
Variable types: 0 continuous, 6 integer (2 binary)
Found heuristic solution: objective 5747.0000000

Root relaxation: objective 5.510000e+03, 3 iterations, 0.00 seconds

    Nodes    |    Current Node    |     Objective Bounds      |     Work
 Expl Unexpl |  Obj  Depth IntInf | Incumbent    BestBd   Gap | It/Node Time

*    0     0               0    5510.0000000 5510.00000  0.00%     -    0s

Explored 0 nodes (3 simplex iterations) in 0.02 seconds
Thread count was 8 (of 8 available processors)

Solution count 2: 5510 5747 

Optimal solution found (tolerance 1.00e-04)
Best objective 5.510000000000e+03, best bound 5.510000000000e+03, gap 0.0000%

Gurobi 8.0.0 (linux64, Python) logging started Wed Jun 13 18:44:14 2018

Academic license - for non-commercial use only
Optimize a model with 23 rows, 18 columns and 63 nonzeros
Variable types: 15 continuous, 3 integer (3 binary)
Coefficient statistics:
  Matrix range     [1e+00, 5e+02]
  Objective range  [3e+00, 1e+03]
  Bounds range     [1e+00, 1e+00]
  RHS range        [8e+01, 3e+02]
Presolve removed 14 rows and 2 columns
Presolve time: 0.00s
Presolved: 9 rows, 16 columns, 33 nonzeros
Variable types: 15 continuous, 1 integer (1 binary)

Root relaxation: objective 6.050000e+03, 3 iterations, 0.00 seconds

    Nodes    |    Current Node    |     Objective Bounds      |     Work
 Expl Unexpl |  Obj  Depth IntInf | Incumbent    BestBd   Gap | It/Node Time

*    0     0               0    6050.0000000 6050.00000  0.00%     -    0s

Explored 0 nodes (3 simplex iterations) in 0.02 seconds
Thread count was 8 (of 8 available processors)

Solution count 1: 6050 

Optimal solution found (tolerance 1.00e-04)
Best objective 6.050000000000e+03, best bound 6.050000000000e+03, gap 0.0000%

Gurobi 8.0.0 (linux64, Python) logging started Wed Jun 13 18:47:20 2018

Academic license - for non-commercial use only
Optimize a model with 23 rows, 18 columns and 63 nonzeros
Variable types: 15 continuous, 3 integer (3 binary)
Coefficient statistics:
  Matrix range     [1e+00, 3e+02]
  Objective range  [3e+00, 1e+03]
  Bounds range     [1e+00, 1e+00]
  RHS range        [8e+01, 3e+02]
Presolve time: 0.00s

Explored 0 nodes (0 simplex iterations) in 0.01 seconds
Thread count was 1 (of 8 available processors)

Solution count 0

Model is infeasible
Best objective -, best bound -, gap -
Optimize a model with 23 rows, 18 columns and 63 nonzeros
Variable types: 15 continuous, 3 integer (3 binary)
Coefficient statistics:
  Matrix range     [1e+00, 5e+02]
  Objective range  [3e+00, 8e+03]
  Bounds range     [1e+00, 1e+00]
  RHS range        [8e+01, 3e+02]
Presolve removed 11 rows and 1 columns
Presolve time: 0.00s
Presolved: 12 rows, 17 columns, 40 nonzeros
Variable types: 15 continuous, 2 integer (2 binary)

Root relaxation: infeasible, 3 iterations, 0.00 seconds

    Nodes    |    Current Node    |     Objective Bounds      |     Work
 Expl Unexpl |  Obj  Depth IntInf | Incumbent    BestBd   Gap | It/Node Time

     0     0 infeasible    0               - infeasible      -     -    0s

Explored 0 nodes (3 simplex iterations) in 0.01 seconds
Thread count was 8 (of 8 available processors)

Solution count 0

Model is infeasible
Best objective -, best bound -, gap -
Optimize a model with 23 rows, 18 columns and 63 nonzeros
Variable types: 15 continuous, 3 integer (3 binary)
Coefficient statistics:
  Matrix range     [1e+00, 5e+02]
  Objective range  [3e+00, 8e+03]
  Bounds range     [1e+00, 1e+00]
  RHS range        [8e+01, 3e+02]
Presolve time: 0.00s
Presolved: 23 rows, 18 columns, 63 nonzeros
Variable types: 15 continuous, 3 integer (3 binary)

Root relaxation: objective 9.529200e+03, 11 iterations, 0.00 seconds

    Nodes    |    Current Node    |     Objective Bounds      |     Work
 Expl Unexpl |  Obj  Depth IntInf | Incumbent    BestBd   Gap | It/Node Time

     0     0 9529.20000    0    1          - 9529.20000      -     -    0s
H    0     0                    9840.0000000 9529.20000  3.16%     -    0s
     0     0     cutoff    0      9840.00000 9840.00000  0.00%     -    0s

Explored 1 nodes (11 simplex iterations) in 0.02 seconds
Thread count was 8 (of 8 available processors)

Solution count 1: 9840 

Optimal solution found (tolerance 1.00e-04)
Best objective 9.840000000000e+03, best bound 9.840000000000e+03, gap 0.0000%
Freed default Gurobi environment
Freed default Gurobi environment
Freed default Gurobi environment
Freed default Gurobi environment
Freed default Gurobi environment
